-------------------------------------------------------------------------------
Test set: com.allo.idr.IDRDataLoaderIntegrationTest
-------------------------------------------------------------------------------
Tests run: 1, Failures: 1, Errors: 0, Skipped: 0, Time elapsed: 0.368 s <<< FAILURE! -- in com.allo.idr.IDRDataLoaderIntegrationTest
com.allo.idr.IDRDataLoaderIntegrationTest.testAllResource -- Time elapsed: 0.023 s <<< FAILURE!
java.lang.AssertionError: 

Expecting empty but was: [com.allo.idr.model.LatestRateResponse@9cc0505]
	at com.allo.idr.IDRDataLoaderIntegrationTest.testAllResource(IDRDataLoaderIntegrationTest.java:63)
	at java.base/java.lang.reflect.Method.invoke(Method.java:569)
	at java.base/java.util.ArrayList.forEach(ArrayList.java:1511)
	at java.base/java.util.ArrayList.forEach(ArrayList.java:1511)

