<?xml version="1.0" encoding="UTF-8"?>
<testsuite xmlns:xsi="http://www.w3.org/2001/XMLSchema-instance" xsi:noNamespaceSchemaLocation="https://maven.apache.org/surefire/maven-surefire-plugin/xsd/surefire-test-report-3.0.xsd" version="3.0" name="com.allo.idr.IDRDataLoaderIntegrationTest" time="0.368" tests="1" errors="0" skipped="0" failures="1">
  <properties>
[...]
</properties>
  <testcase name="testAllResource" classname="com.allo.idr.IDRDataLoaderIntegrationTest" time="0.023">
    <failure message="&#10;Expecting empty but was: [com.allo.idr.model.LatestRateResponse@9cc0505]" type="java.lang.AssertionError"><![CDATA[java.lang.AssertionError: 

Expecting empty but was: [com.allo.idr.model.LatestRateResponse@9cc0505]
	at com.allo.idr.IDRDataLoaderIntegrationTest.testAllResource(IDRDataLoaderIntegrationTest.java:63)
	at java.base/java.lang.reflect.Method.invoke(Method.java:569)
	at java.base/java.util.ArrayList.forEach(ArrayList.java:1511)
	at java.base/java.util.ArrayList.forEach(ArrayList.java:1511)
]]></failure>
    <system-out><![CDATA[2025-11-20T00:17:46.524+07:00  INFO 70713 --- [           main] t.c.s.AnnotationConfigContextLoaderUtils : Could not detect default configuration classes for test class [com.allo.idr.IDRDataLoaderIntegrationTest]: IDRDataLoaderIntegrationTest does not declare any static, non-private, non-final, nested classes annotated with @Configuration.
2025-11-20T00:17:46.528+07:00  INFO 70713 --- [           main] .b.t.c.SpringBootTestContextBootstrapper : Found @SpringBootConfiguration com.allo.idr.IdrAggregatorApplication for test class com.allo.idr.IDRDataLoaderIntegrationTest

  .   ____          _            __ _ _
 /\\ / ___'_ __ _ _(_)_ __  __ _ \ \ \ \
( ( )\___ | '_ | '_| | '_ \/ _` | \ \ \ \
 \\/  ___)| |_)| | | | | || (_| |  ) ) ) )
  '  |____| .__|_| |_|_| |_\__, | / / / /
 =========|_|==============|___/=/_/_/_/
 :: Spring Boot ::                (v3.2.9)

2025-11-20T00:17:46.584+07:00  INFO 70713 --- [           main] c.allo.idr.IDRDataLoaderIntegrationTest  : Starting IDRDataLoaderIntegrationTest using Java 17.0.16 with PID 70713 (started by rianchoirulansyah in /Users/rianchoirulansyah/test/allo-backend-test)
2025-11-20T00:17:46.584+07:00  INFO 70713 --- [           main] c.allo.idr.IDRDataLoaderIntegrationTest  : No active profile set, falling back to 1 default profile: "default"
2025-11-20T00:17:46.694+07:00  INFO 70713 --- [           main] c.allo.idr.IDRDataLoaderIntegrationTest  : Started IDRDataLoaderIntegrationTest in 0.126 seconds (process running for 1.592)
2025-11-20T00:17:46.695+07:00  INFO 70713 --- [           main] com.allo.idr.runner.InitialDataLoader    : Preloading SUPPORTED_CURRENCIES (attempt 1/3
2025-11-20T00:17:46.759+07:00  INFO 70713 --- [           main] com.allo.idr.runner.InitialDataLoader    : Preloading SUPPORTED_CURRENCIES entries: 31
2025-11-20T00:17:46.759+07:00  INFO 70713 --- [           main] com.allo.idr.runner.InitialDataLoader    : Preloading HISTORICAL_IDR_USD (attempt 1/3
2025-11-20T00:17:46.808+07:00  INFO 70713 --- [           main] com.allo.idr.runner.InitialDataLoader    : Preloading HISTORICAL_IDR_USD entries: 5
2025-11-20T00:17:46.808+07:00  INFO 70713 --- [           main] com.allo.idr.runner.InitialDataLoader    : Preloading LATEST_IDR_RATES (attempt 1/3
2025-11-20T00:17:46.861+07:00  INFO 70713 --- [           main] com.allo.idr.runner.InitialDataLoader    : Preloading LATEST_IDR_RATES entries: 1
2025-11-20T00:17:46.861+07:00  INFO 70713 --- [           main] com.allo.idr.runner.InitialDataLoader    : Cache published with 3 resource
]]></system-out>
  </testcase>
</testsuite>