<?xml version="1.0" encoding="UTF-8"?>
<testsuite xmlns:xsi="http://www.w3.org/2001/XMLSchema-instance" xsi:noNamespaceSchemaLocation="https://maven.apache.org/surefire/maven-surefire-plugin/xsd/surefire-test-report.xsd" version="3.0.2" name="com.example.finance.FinanceApiApplicationTests" time="3.593" tests="1" errors="0" skipped="0" failures="0">
  <properties>
[...]
</properties>
  <testcase name="contextLoads" classname="com.example.finance.FinanceApiApplicationTests" time="0.628">
    <system-out><![CDATA[10:16:42.931 [main] INFO org.springframework.test.context.support.AnnotationConfigContextLoaderUtils -- Could not detect default configuration classes for test class [com.example.finance.FinanceApiApplicationTests]: FinanceApiApplicationTests does not declare any static, non-private, non-final, nested classes annotated with @Configuration.
10:16:43.029 [main] INFO org.springframework.boot.test.context.SpringBootTestContextBootstrapper -- Found @SpringBootConfiguration com.example.finance.FinanceApiApplication for test class com.example.finance.FinanceApiApplicationTests
10:16:43.188 [main] INFO org.springframework.boot.devtools.restart.RestartApplicationListener -- Restart disabled due to context in which it is running

  .   ____          _            __ _ _
 /\\ / ___'_ __ _ _(_)_ __  __ _ \ \ \ \
( ( )\___ | '_ | '_| | '_ \/ _` | \ \ \ \
 \\/  ___)| |_)| | | | | || (_| |  ) ) ) )
  '  |____| .__|_| |_|_| |_\__, | / / / /
 =========|_|==============|___/=/_/_/_/

 :: Spring Boot ::                (v4.0.3)

2026-02-27T10:16:43.503+07:00  INFO 73716 --- [finance-api] [           main] c.e.finance.FinanceApiApplicationTests   : Starting FinanceApiApplicationTests using Java 21.0.10 with PID 73716 (started by far19a in /home/far19a/projects/jobseeking-test/allo-backend-test/backend_test)
2026-02-27T10:16:43.505+07:00  INFO 73716 --- [finance-api] [           main] c.e.finance.FinanceApiApplicationTests   : No active profile set, falling back to 1 default profile: "default"
2026-02-27T10:16:44.571+07:00  INFO 73716 --- [finance-api] [           main] c.e.finance.FinanceApiApplicationTests   : Started FinanceApiApplicationTests in 1.395 seconds (process running for 2.531)
2026-02-27T10:16:44.574+07:00  INFO 73716 --- [finance-api] [           main] c.e.finance.config.DataLoaderRunner      : Starting data loader
2026-02-27T10:16:45.433+07:00  INFO 73716 --- [finance-api] [           main] c.e.finance.config.DataLoaderRunner      : Loaded resource historical_idr_usd with 5 items
2026-02-27T10:16:45.595+07:00  INFO 73716 --- [finance-api] [           main] c.e.finance.config.DataLoaderRunner      : Loaded resource latest_idr_rates with 29 items
2026-02-27T10:16:45.695+07:00  INFO 73716 --- [finance-api] [           main] c.e.finance.config.DataLoaderRunner      : Loaded resource supported_currencies with 30 items
2026-02-27T10:16:45.695+07:00  INFO 73716 --- [finance-api] [           main] c.e.finance.config.DataLoaderRunner      : Data loader finished
]]></system-out>
    <system-err><![CDATA[Mockito is currently self-attaching to enable the inline-mock-maker. This will no longer work in future releases of the JDK. Please add Mockito as an agent to your build as described in Mockito's documentation: https://javadoc.io/doc/org.mockito/mockito-core/latest/org.mockito/org/mockito/Mockito.html#0.3
WARNING: A Java agent has been loaded dynamically (/home/far19a/.m2/repository/net/bytebuddy/byte-buddy-agent/1.17.8/byte-buddy-agent-1.17.8.jar)
WARNING: If a serviceability tool is in use, please run with -XX:+EnableDynamicAgentLoading to hide this warning
WARNING: If a serviceability tool is not in use, please run with -Djdk.instrument.traceUsage for more information
WARNING: Dynamic loading of agents will be disallowed by default in a future release
]]></system-err>
  </testcase>
</testsuite>